# JRE version: OpenJDK Runtime Environment Temurin-21.0.3+9 (21.0.3+9) (build 21.0.3+9-LTS)
# Java VM: OpenJDK 64-Bit Server VM Temurin-21.0.3+9 (21.0.3+9-LTS, mixed mode, tiered, compressed oops, compressed class ptrs, g1 gc, windows-amd64)
GC Precious Log:
 CardTable entry size: 512
 Card Set container configuration: InlinePtr #cards 5 size 8 Array Of Cards #cards 12 size 40 Howl #buckets 4 coarsen threshold 1843 Howl Bitmap #cards 512 size 80 coarsen threshold 460 Card regions per heap region 1 cards per card region 2048
 CPUs: 8 total, 8 available
 Memory: 8023M
 Large Page Support: Disabled
 NUMA Support: Disabled
 Compressed Oops: Enabled (32-bit)
 Heap Region Size: 1M
 Heap Min Capacity: 8M
 Heap Initial Capacity: 126M
 Heap Max Capacity: 2006M
 Pre-touch: Disabled
 Parallel Workers: 8
 Concurrent Workers: 2
 Concurrent Refinement Workers: 8
 Periodic GC: Disabled
Heap:
 garbage-first heap   total 48128K, used 31217K [0x0000000082a00000, 0x0000000100000000)
  region size 1024K, 6 young (6144K), 2 survivors (2048K)
 Metaspace       used 76786K, committed 77440K, reserved 1179648K
  class space    used 9805K, committed 10112K, reserved 1048576K
GC Heap History (20 events):
Event: 5.317 GC heap before
{Heap before GC invocations=9 (full 0):
 garbage-first heap   total 39936K, used 32611K [0x0000000082a00000, 0x0000000100000000)
  region size 1024K, 17 young (17408K), 1 survivors (1024K)
 Metaspace       used 38647K, committed 39168K, reserved 1114112K
  class space    used 4448K, committed 4672K, reserved 1048576K
}
Event: 5.324 GC heap after
{Heap after GC invocations=10 (full 0):
 garbage-first heap   total 39936K, used 18203K [0x0000000082a00000, 0x0000000100000000)
  region size 1024K, 2 young (2048K), 2 survivors (2048K)
 Metaspace       used 38647K, committed 39168K, reserved 1114112K
  class space    used 4448K, committed 4672K, reserved 1048576K
}
Event: 6.423 GC heap before
{Heap before GC invocations=10 (full 0):
 garbage-first heap   total 39936K, used 33563K [0x0000000082a00000, 0x0000000100000000)
  region size 1024K, 17 young (17408K), 2 survivors (2048K)
 Metaspace       used 41826K, committed 42368K, reserved 1114112K
  class space    used 4885K, committed 5120K, reserved 1048576K
}
Event: 6.429 GC heap after
{Heap after GC invocations=11 (full 0):
 garbage-first heap   total 39936K, used 18723K [0x0000000082a00000, 0x0000000100000000)
  region size 1024K, 3 young (3072K), 3 survivors (3072K)
 Metaspace       used 41826K, committed 42368K, reserved 1114112K
  class space    used 4885K, committed 5120K, reserved 1048576K
}
Event: 6.841 GC heap before
{Heap before GC invocations=11 (full 0):
 garbage-first heap   total 39936K, used 33059K [0x0000000082a00000, 0x0000000100000000)
  region size 1024K, 17 young (17408K), 3 survivors (3072K)
 Metaspace       used 45827K, committed 46400K, reserved 1114112K
  class space    used 5556K, committed 5824K, reserved 1048576K
}
Event: 6.847 GC heap after
{Heap after GC invocations=12 (full 0):
 garbage-first heap   total 39936K, used 19447K [0x0000000082a00000, 0x0000000100000000)
  region size 1024K, 2 young (2048K), 2 survivors (2048K)
 Metaspace       used 45827K, committed 46400K, reserved 1114112K
  class space    used 5556K, committed 5824K, reserved 1048576K
}
Event: 7.614 GC heap before
{Heap before GC invocations=12 (full 0):
 garbage-first heap   total 39936K, used 33783K [0x0000000082a00000, 0x0000000100000000)
  region size 1024K, 16 young (16384K), 2 survivors (2048K)
 Metaspace       used 53547K, committed 54144K, reserved 1114112K
  class space    used 6453K, committed 6720K, reserved 1048576K
}
Event: 7.620 GC heap after
{Heap after GC invocations=13 (full 0):
 garbage-first heap   total 39936K, used 21141K [0x0000000082a00000, 0x0000000100000000)
  region size 1024K, 2 young (2048K), 2 survivors (2048K)
 Metaspace       used 53547K, committed 54144K, reserved 1114112K
  class space    used 6453K, committed 6720K, reserved 1048576K
}
Event: 8.098 GC heap before
{Heap before GC invocations=14 (full 0):
 garbage-first heap   total 39936K, used 33429K [0x0000000082a00000, 0x0000000100000000)
  region size 1024K, 15 young (15360K), 2 survivors (2048K)
 Metaspace       used 57205K, committed 57856K, reserved 1114112K
  class space    used 6965K, committed 7232K, reserved 1048576K
}
Event: 8.101 GC heap after
{Heap after GC invocations=15 (full 0):
 garbage-first heap   total 48128K, used 22473K [0x0000000082a00000, 0x0000000100000000)
  region size 1024K, 2 young (2048K), 2 survivors (2048K)
 Metaspace       used 57205K, committed 57856K, reserved 1114112K
  class space    used 6965K, committed 7232K, reserved 1048576K
}
Event: 8.606 GC heap before
{Heap before GC invocations=15 (full 0):
 garbage-first heap   total 48128K, used 40905K [0x0000000082a00000, 0x0000000100000000)
  region size 1024K, 21 young (21504K), 2 survivors (2048K)
 Metaspace       used 63481K, committed 64064K, reserved 1114112K
  class space    used 7810K, committed 8064K, reserved 1048576K
}
Event: 8.610 GC heap after
{Heap after GC invocations=16 (full 0):
 garbage-first heap   total 48128K, used 23336K [0x0000000082a00000, 0x0000000100000000)
  region size 1024K, 3 young (3072K), 3 survivors (3072K)
 Metaspace       used 63481K, committed 64064K, reserved 1114112K
  class space    used 7810K, committed 8064K, reserved 1048576K
}
Event: 9.260 GC heap before
{Heap before GC invocations=16 (full 0):
 garbage-first heap   total 48128K, used 40744K [0x0000000082a00000, 0x0000000100000000)
  region size 1024K, 20 young (20480K), 3 survivors (3072K)
 Metaspace       used 68377K, committed 68992K, reserved 1114112K
  class space    used 8641K, committed 8896K, reserved 1048576K
}
Event: 9.265 GC heap after
{Heap after GC invocations=17 (full 0):
 garbage-first heap   total 48128K, used 24203K [0x0000000082a00000, 0x0000000100000000)
  region size 1024K, 2 young (2048K), 2 survivors (2048K)
 Metaspace       used 68377K, committed 68992K, reserved 1114112K
  class space    used 8641K, committed 8896K, reserved 1048576K
}
Event: 10.249 GC heap before
{Heap before GC invocations=17 (full 0):
 garbage-first heap   total 48128K, used 42635K [0x0000000082a00000, 0x0000000100000000)
  region size 1024K, 20 young (20480K), 2 survivors (2048K)
 Metaspace       used 72326K, committed 73024K, reserved 1114112K
  class space    used 9146K, committed 9472K, reserved 1048576K
}
Event: 10.258 GC heap after
{Heap after GC invocations=18 (full 0):
 garbage-first heap   total 48128K, used 26310K [0x0000000082a00000, 0x0000000100000000)
  region size 1024K, 3 young (3072K), 3 survivors (3072K)
 Metaspace       used 72326K, committed 73024K, reserved 1114112K
  class space    used 9146K, committed 9472K, reserved 1048576K
}
Event: 11.020 GC heap before
{Heap before GC invocations=19 (full 0):
 garbage-first heap   total 48128K, used 40646K [0x0000000082a00000, 0x0000000100000000)
  region size 1024K, 18 young (18432K), 3 survivors (3072K)
 Metaspace       used 73831K, committed 74496K, reserved 1114112K
  class space    used 9413K, committed 9728K, reserved 1048576K
}
Event: 11.024 GC heap after
{Heap after GC invocations=20 (full 0):
 garbage-first heap   total 48128K, used 28234K [0x0000000082a00000, 0x0000000100000000)
  region size 1024K, 2 young (2048K), 2 survivors (2048K)
 Metaspace       used 73831K, committed 74496K, reserved 1114112K
  class space    used 9413K, committed 9728K, reserved 1048576K
}
Event: 117.283 GC heap before
{Heap before GC invocations=20 (full 0):
 garbage-first heap   total 48128K, used 42570K [0x0000000082a00000, 0x0000000100000000)
  region size 1024K, 16 young (16384K), 2 survivors (2048K)
 Metaspace       used 75648K, committed 76288K, reserved 1179648K
  class space    used 9654K, committed 9920K, reserved 1048576K
}
Event: 117.297 GC heap after
{Heap after GC invocations=21 (full 0):
 garbage-first heap   total 48128K, used 29169K [0x0000000082a00000, 0x0000000100000000)
  region size 1024K, 2 young (2048K), 2 survivors (2048K)
 Metaspace       used 75648K, committed 76288K, reserved 1179648K
  class space    used 9654K, committed 9920K, reserved 1048576K
}

